<?xml version="1.0" encoding="UTF-8"?>
<!-- Generated by org.testng.reporters.JUnitReportReporter -->
<testsuite hostname="DESKTOP-LF3Q4J9" failures="0" tests="2" name="com.gd.AppTest" time="0.067" errors="0" timestamp="2021-10-07T22:13:20 IST" skipped="0">
  <testcase classname="com.gd.AppTest" name="testlogin2" time="0.002"/>
  <system-out/>
  <testcase classname="com.gd.AppTest" name="testlogin1" time="0.065"/>
  <system-out/>
</testsuite> <!-- com.gd.AppTest -->
